app/build/intermediates/manifest_merge_blame_file/debug/manifest-merger-blame-debug-report.txt
1<?xml version="1.0" encoding="utf-8"?>
2<manifest xmlns:android="http://schemas.android.com/apk/res/android"
3    package="com.pizzaman.keyboardmaestrotv"
4    android:versionCode="1"
5    android:versionName="1.0.0" >
6
7    <uses-sdk
8        android:minSdkVersion="24"
9        android:targetSdkVersion="34" />
10
11    <!-- Permissions -->
12    <uses-permission android:name="android.permission.INTERNET" />
12-->src/main/AndroidManifest.xml:5:5-67
12-->src/main/AndroidManifest.xml:5:22-64
13    <uses-permission android:name="android.permission.ACCESS_NETWORK_STATE" />
13-->src/main/AndroidManifest.xml:6:5-79
13-->src/main/AndroidManifest.xml:6:22-76
14    <uses-permission android:name="android.permission.ACCESS_WIFI_STATE" />
14-->src/main/AndroidManifest.xml:7:5-76
14-->src/main/AndroidManifest.xml:7:22-73
15
16    <!-- Android TV Features -->
17    <uses-feature
17-->src/main/AndroidManifest.xml:10:5-86
18        android:name="android.software.leanback"
18-->src/main/AndroidManifest.xml:10:19-59
19        android:required="true" />
19-->src/main/AndroidManifest.xml:10:60-83
20    <uses-feature
20-->src/main/AndroidManifest.xml:11:5-90
21        android:name="android.hardware.touchscreen"
21-->src/main/AndroidManifest.xml:11:19-62
22        android:required="false" />
22-->src/main/AndroidManifest.xml:11:63-87
23    <uses-feature
23-->src/main/AndroidManifest.xml:12:5-88
24        android:name="android.hardware.faketouch"
24-->src/main/AndroidManifest.xml:12:19-60
25        android:required="false" />
25-->src/main/AndroidManifest.xml:12:61-85
26    <uses-feature
26-->src/main/AndroidManifest.xml:13:5-88
27        android:name="android.hardware.telephony"
27-->src/main/AndroidManifest.xml:13:19-60
28        android:required="false" />
28-->src/main/AndroidManifest.xml:13:61-85
29    <uses-feature
29-->src/main/AndroidManifest.xml:14:5-85
30        android:name="android.hardware.camera"
30-->src/main/AndroidManifest.xml:14:19-57
31        android:required="false" />
31-->src/main/AndroidManifest.xml:14:58-82
32    <uses-feature
32-->src/main/AndroidManifest.xml:15:5-82
33        android:name="android.hardware.nfc"
33-->src/main/AndroidManifest.xml:15:19-54
34        android:required="false" />
34-->src/main/AndroidManifest.xml:15:55-79
35    <uses-feature
35-->src/main/AndroidManifest.xml:16:5-91
36        android:name="android.hardware.location.gps"
36-->src/main/AndroidManifest.xml:16:19-63
37        android:required="false" />
37-->src/main/AndroidManifest.xml:16:64-88
38    <uses-feature
38-->src/main/AndroidManifest.xml:17:5-89
39        android:name="android.hardware.microphone"
39-->src/main/AndroidManifest.xml:17:19-61
40        android:required="false" />
40-->src/main/AndroidManifest.xml:17:62-86
41    <uses-feature
41-->src/main/AndroidManifest.xml:18:5-85
42        android:name="android.hardware.sensor"
42-->src/main/AndroidManifest.xml:18:19-57
43        android:required="false" />
43-->src/main/AndroidManifest.xml:18:58-82
44    <uses-feature
44-->src/main/AndroidManifest.xml:19:5-87
45        android:name="android.hardware.usb.host"
45-->src/main/AndroidManifest.xml:19:19-59
46        android:required="false" />
46-->src/main/AndroidManifest.xml:19:60-84
47    <uses-feature
47-->src/main/AndroidManifest.xml:20:5-83
48        android:name="android.hardware.wifi"
48-->src/main/AndroidManifest.xml:20:19-55
49        android:required="false" />
49-->src/main/AndroidManifest.xml:20:56-80
50
51    <!-- Screen support -->
52    <supports-screens
52-->src/main/AndroidManifest.xml:23:5-28:49
53        android:largeScreens="true"
53-->src/main/AndroidManifest.xml:24:9-36
54        android:normalScreens="false"
54-->src/main/AndroidManifest.xml:25:9-38
55        android:requiresSmallestWidthDp="500"
55-->src/main/AndroidManifest.xml:28:9-46
56        android:smallScreens="false"
56-->src/main/AndroidManifest.xml:26:9-37
57        android:xlargeScreens="true" />
57-->src/main/AndroidManifest.xml:27:9-37
58
59    <permission
59-->[androidx.core:core:1.12.0] AndroidManifest.xml:22:5-24:47
60        android:name="com.pizzaman.keyboardmaestrotv.DYNAMIC_RECEIVER_NOT_EXPORTED_PERMISSION"
60-->[androidx.core:core:1.12.0] AndroidManifest.xml:23:9-81
61        android:protectionLevel="signature" />
61-->[androidx.core:core:1.12.0] AndroidManifest.xml:24:9-44
62
63    <uses-permission android:name="com.pizzaman.keyboardmaestrotv.DYNAMIC_RECEIVER_NOT_EXPORTED_PERMISSION" />
63-->[androidx.core:core:1.12.0] AndroidManifest.xml:26:5-97
63-->[androidx.core:core:1.12.0] AndroidManifest.xml:26:22-94
64
65    <application
65-->src/main/AndroidManifest.xml:30:5-58:19
66        android:allowBackup="true"
66-->src/main/AndroidManifest.xml:31:9-35
67        android:appComponentFactory="androidx.core.app.CoreComponentFactory"
67-->[androidx.core:core:1.12.0] AndroidManifest.xml:28:18-86
68        android:banner="@mipmap/ic_banner"
68-->src/main/AndroidManifest.xml:35:9-43
69        android:debuggable="true"
70        android:extractNativeLibs="false"
71        android:hardwareAccelerated="true"
71-->src/main/AndroidManifest.xml:36:9-43
72        android:icon="@mipmap/ic_launcher"
72-->src/main/AndroidManifest.xml:32:9-43
73        android:label="@string/app_name"
73-->src/main/AndroidManifest.xml:33:9-41
74        android:supportsRtl="true"
74-->src/main/AndroidManifest.xml:37:9-35
75        android:theme="@style/Theme.AppCompat.Light.NoActionBar"
75-->src/main/AndroidManifest.xml:34:9-65
76        android:usesCleartextTraffic="true" >
76-->src/main/AndroidManifest.xml:38:9-44
77
78        <!-- Main Activity for TV Launcher -->
79        <activity
79-->src/main/AndroidManifest.xml:41:9-50:20
80            android:name="com.pizzaman.keyboardmaestrotv.MainActivity"
80-->src/main/AndroidManifest.xml:42:13-41
81            android:exported="true"
81-->src/main/AndroidManifest.xml:43:13-36
82            android:screenOrientation="landscape"
82-->src/main/AndroidManifest.xml:45:13-50
83            android:theme="@style/Theme.AppCompat.Light.NoActionBar" >
83-->src/main/AndroidManifest.xml:44:13-69
84            <intent-filter>
84-->src/main/AndroidManifest.xml:46:13-49:29
85                <action android:name="android.intent.action.MAIN" />
85-->src/main/AndroidManifest.xml:47:17-69
85-->src/main/AndroidManifest.xml:47:25-66
86
87                <category android:name="android.intent.category.LEANBACK_LAUNCHER" />
87-->src/main/AndroidManifest.xml:48:17-86
87-->src/main/AndroidManifest.xml:48:27-83
88            </intent-filter>
89        </activity>
90
91        <!-- Settings Activity -->
92        <activity
92-->src/main/AndroidManifest.xml:53:9-56:72
93            android:name="com.pizzaman.keyboardmaestrotv.SettingsActivity"
93-->src/main/AndroidManifest.xml:54:13-45
94            android:exported="false"
94-->src/main/AndroidManifest.xml:55:13-37
95            android:theme="@style/Theme.AppCompat.Light.NoActionBar" />
95-->src/main/AndroidManifest.xml:56:13-69
96
97        <provider
97-->[androidx.emoji2:emoji2:1.2.0] AndroidManifest.xml:24:9-32:20
98            android:name="androidx.startup.InitializationProvider"
98-->[androidx.emoji2:emoji2:1.2.0] AndroidManifest.xml:25:13-67
99            android:authorities="com.pizzaman.keyboardmaestrotv.androidx-startup"
99-->[androidx.emoji2:emoji2:1.2.0] AndroidManifest.xml:26:13-68
100            android:exported="false" >
100-->[androidx.emoji2:emoji2:1.2.0] AndroidManifest.xml:27:13-37
101            <meta-data
101-->[androidx.emoji2:emoji2:1.2.0] AndroidManifest.xml:29:13-31:52
102                android:name="androidx.emoji2.text.EmojiCompatInitializer"
102-->[androidx.emoji2:emoji2:1.2.0] AndroidManifest.xml:30:17-75
103                android:value="androidx.startup" />
103-->[androidx.emoji2:emoji2:1.2.0] AndroidManifest.xml:31:17-49
104            <meta-data
104-->[androidx.lifecycle:lifecycle-process:2.7.0] AndroidManifest.xml:29:13-31:52
105                android:name="androidx.lifecycle.ProcessLifecycleInitializer"
105-->[androidx.lifecycle:lifecycle-process:2.7.0] AndroidManifest.xml:30:17-78
106                android:value="androidx.startup" />
106-->[androidx.lifecycle:lifecycle-process:2.7.0] AndroidManifest.xml:31:17-49
107            <meta-data
107-->[androidx.profileinstaller:profileinstaller:1.3.0] AndroidManifest.xml:29:13-31:52
108                android:name="androidx.profileinstaller.ProfileInstallerInitializer"
108-->[androidx.profileinstaller:profileinstaller:1.3.0] AndroidManifest.xml:30:17-85
109                android:value="androidx.startup" />
109-->[androidx.profileinstaller:profileinstaller:1.3.0] AndroidManifest.xml:31:17-49
110        </provider>
111
112        <uses-library
112-->[androidx.window:window:1.0.0] AndroidManifest.xml:25:9-27:40
113            android:name="androidx.window.extensions"
113-->[androidx.window:window:1.0.0] AndroidManifest.xml:26:13-54
114            android:required="false" />
114-->[androidx.window:window:1.0.0] AndroidManifest.xml:27:13-37
115        <uses-library
115-->[androidx.window:window:1.0.0] AndroidManifest.xml:28:9-30:40
116            android:name="androidx.window.sidecar"
116-->[androidx.window:window:1.0.0] AndroidManifest.xml:29:13-51
117            android:required="false" />
117-->[androidx.window:window:1.0.0] AndroidManifest.xml:30:13-37
118
119        <receiver
119-->[androidx.profileinstaller:profileinstaller:1.3.0] AndroidManifest.xml:34:9-52:20
120            android:name="androidx.profileinstaller.ProfileInstallReceiver"
120-->[androidx.profileinstaller:profileinstaller:1.3.0] AndroidManifest.xml:35:13-76
121            android:directBootAware="false"
121-->[androidx.profileinstaller:profileinstaller:1.3.0] AndroidManifest.xml:36:13-44
122            android:enabled="true"
122-->[androidx.profileinstaller:profileinstaller:1.3.0] AndroidManifest.xml:37:13-35
123            android:exported="true"
123-->[androidx.profileinstaller:profileinstaller:1.3.0] AndroidManifest.xml:38:13-36
124            android:permission="android.permission.DUMP" >
124-->[androidx.profileinstaller:profileinstaller:1.3.0] AndroidManifest.xml:39:13-57
125            <intent-filter>
125-->[androidx.profileinstaller:profileinstaller:1.3.0] AndroidManifest.xml:40:13-42:29
126                <action android:name="androidx.profileinstaller.action.INSTALL_PROFILE" />
126-->[androidx.profileinstaller:profileinstaller:1.3.0] AndroidManifest.xml:41:17-91
126-->[androidx.profileinstaller:profileinstaller:1.3.0] AndroidManifest.xml:41:25-88
127            </intent-filter>
128            <intent-filter>
128-->[androidx.profileinstaller:profileinstaller:1.3.0] AndroidManifest.xml:43:13-45:29
129                <action android:name="androidx.profileinstaller.action.SKIP_FILE" />
129-->[androidx.profileinstaller:profileinstaller:1.3.0] AndroidManifest.xml:44:17-85
129-->[androidx.profileinstaller:profileinstaller:1.3.0] AndroidManifest.xml:44:25-82
130            </intent-filter>
131            <intent-filter>
131-->[androidx.profileinstaller:profileinstaller:1.3.0] AndroidManifest.xml:46:13-48:29
132                <action android:name="androidx.profileinstaller.action.SAVE_PROFILE" />
132-->[androidx.profileinstaller:profileinstaller:1.3.0] AndroidManifest.xml:47:17-88
132-->[androidx.profileinstaller:profileinstaller:1.3.0] AndroidManifest.xml:47:25-85
133            </intent-filter>
134            <intent-filter>
134-->[androidx.profileinstaller:profileinstaller:1.3.0] AndroidManifest.xml:49:13-51:29
135                <action android:name="androidx.profileinstaller.action.BENCHMARK_OPERATION" />
135-->[androidx.profileinstaller:profileinstaller:1.3.0] AndroidManifest.xml:50:17-95
135-->[androidx.profileinstaller:profileinstaller:1.3.0] AndroidManifest.xml:50:25-92
136            </intent-filter>
137        </receiver>
138    </application>
139
140</manifest>